<?xml version="1.0" encoding="windows-1252" standalone="no"?>
<!DOCTYPE log SYSTEM "logger.dtd">
<log>
<record>
  <date>2018-12-01T00:42:31</date>
  <millis>1543642951693</millis>
  <sequence>0</sequence>
  <logger>ServerINSE</logger>
  <level>INFO</level>
  <class>Replica1.Server3</class>
  <method>main</method>
  <thread>1</thread>
  <message>Replica3 running...</message>
</record>
<?xml version="1.0" encoding="windows-1252" standalone="no"?>
<!DOCTYPE log SYSTEM "logger.dtd">
<log>
<record>
  <date>2018-12-01T00:52:51</date>
  <millis>1543643571028</millis>
  <sequence>0</sequence>
  <logger>ServerINSE</logger>
  <level>INFO</level>
  <class>Replica1.Server3</class>
  <method>main</method>
  <thread>1</thread>
  <message>Replica3 running...</message>
</record>
<?xml version="1.0" encoding="windows-1252" standalone="no"?>
<!DOCTYPE log SYSTEM "logger.dtd">
<log>
<record>
  <date>2018-12-01T18:16:15</date>
  <millis>1543706175748</millis>
  <sequence>0</sequence>
  <logger>ServerINSE</logger>
  <level>INFO</level>
  <class>Replica1.Server3</class>
  <method>main</method>
  <thread>1</thread>
  <message>Replica3 running...</message>
</record>
<?xml version="1.0" encoding="windows-1252" standalone="no"?>
<!DOCTYPE log SYSTEM "logger.dtd">
<log>
<record>
  <date>2018-12-01T18:59:08</date>
  <millis>1543708748243</millis>
  <sequence>0</sequence>
  <logger>ServerINSE</logger>
  <level>INFO</level>
  <class>Replica1.Server3</class>
  <method>main</method>
  <thread>1</thread>
  <message>Replica3 running...</message>
</record>
<?xml version="1.0" encoding="windows-1252" standalone="no"?>
<!DOCTYPE log SYSTEM "logger.dtd">
<log>
<record>
  <date>2018-12-01T19:06:27</date>
  <millis>1543709187891</millis>
  <sequence>0</sequence>
  <logger>ServerINSE</logger>
  <level>INFO</level>
  <class>Replica1.Server3</class>
  <method>main</method>
  <thread>1</thread>
  <message>Replica3 running...</message>
</record>
<?xml version="1.0" encoding="windows-1252" standalone="no"?>
<!DOCTYPE log SYSTEM "logger.dtd">
<log>
<record>
  <date>2018-12-01T19:11:47</date>
  <millis>1543709507329</millis>
  <sequence>0</sequence>
  <logger>ServerINSE</logger>
  <level>INFO</level>
  <class>Replica1.Server3</class>
  <method>main</method>
  <thread>1</thread>
  <message>Replica3 running...</message>
</record>
<?xml version="1.0" encoding="windows-1252" standalone="no"?>
<!DOCTYPE log SYSTEM "logger.dtd">
<log>
<record>
  <date>2018-12-01T20:15:34</date>
  <millis>1543713334982</millis>
  <sequence>0</sequence>
  <logger>ServerINSE</logger>
  <level>INFO</level>
  <class>Replica1.Server3</class>
  <method>main</method>
  <thread>1</thread>
  <message>Replica3 running...</message>
</record>
<?xml version="1.0" encoding="windows-1252" standalone="no"?>
<!DOCTYPE log SYSTEM "logger.dtd">
<log>
<record>
  <date>2018-12-01T21:08:58</date>
  <millis>1543716538899</millis>
  <sequence>0</sequence>
  <logger>ServerINSE</logger>
  <level>INFO</level>
  <class>Replica1.Server3</class>
  <method>main</method>
  <thread>1</thread>
  <message>Replica3 running...</message>
</record>
<?xml version="1.0" encoding="windows-1252" standalone="no"?>
<!DOCTYPE log SYSTEM "logger.dtd">
<log>
<record>
  <date>2018-12-02T14:35:39</date>
  <millis>1543779339022</millis>
  <sequence>0</sequence>
  <logger>ServerINSE</logger>
  <level>INFO</level>
  <class>Replica1.Server3</class>
  <method>main</method>
  <thread>1</thread>
  <message>Replica3 running...</message>
</record>
<?xml version="1.0" encoding="windows-1252" standalone="no"?>
<!DOCTYPE log SYSTEM "logger.dtd">
<log>
<record>
  <date>2018-12-02T14:52:54</date>
  <millis>1543780374836</millis>
  <sequence>0</sequence>
  <logger>ServerINSE</logger>
  <level>INFO</level>
  <class>Replica1.Server3</class>
  <method>main</method>
  <thread>1</thread>
  <message>Replica3 running...</message>
</record>
<record>
  <date>2018-12-02T14:54:35</date>
  <millis>1543780475892</millis>
  <sequence>2</sequence>
  <logger>ServerINSE</logger>
  <level>INFO</level>
  <class>Replica1.Server3</class>
  <method>main</method>
  <thread>1</thread>
  <message>Reply sent to FE</message>
</record>
<?xml version="1.0" encoding="windows-1252" standalone="no"?>
<!DOCTYPE log SYSTEM "logger.dtd">
<log>
<record>
  <date>2018-12-02T15:07:26</date>
  <millis>1543781246901</millis>
  <sequence>0</sequence>
  <logger>ServerINSE</logger>
  <level>INFO</level>
  <class>Replica1.Server3</class>
  <method>main</method>
  <thread>1</thread>
  <message>Replica3 running...</message>
</record>
<?xml version="1.0" encoding="windows-1252" standalone="no"?>
<!DOCTYPE log SYSTEM "logger.dtd">
<log>
<record>
  <date>2018-12-02T15:25:13</date>
  <millis>1543782313439</millis>
  <sequence>0</sequence>
  <logger>ServerINSE</logger>
  <level>INFO</level>
  <class>Replica1.Server3</class>
  <method>main</method>
  <thread>1</thread>
  <message>Replica3 running...</message>
</record>
<?xml version="1.0" encoding="windows-1252" standalone="no"?>
<!DOCTYPE log SYSTEM "logger.dtd">
<log>
<record>
  <date>2018-12-02T15:35:10</date>
  <millis>1543782910543</millis>
  <sequence>0</sequence>
  <logger>ServerINSE</logger>
  <level>INFO</level>
  <class>Replica1.Server3</class>
  <method>main</method>
  <thread>1</thread>
  <message>Replica3 running...</message>
</record>
<?xml version="1.0" encoding="windows-1252" standalone="no"?>
<!DOCTYPE log SYSTEM "logger.dtd">
<log>
<record>
  <date>2018-12-02T15:39:55</date>
  <millis>1543783195901</millis>
  <sequence>0</sequence>
  <logger>ServerINSE</logger>
  <level>INFO</level>
  <class>Replica1.Server3</class>
  <method>main</method>
  <thread>1</thread>
  <message>Replica3 running...</message>
</record>
<?xml version="1.0" encoding="windows-1252" standalone="no"?>
<!DOCTYPE log SYSTEM "logger.dtd">
<log>
<record>
  <date>2018-12-02T16:11:27</date>
  <millis>1543785087216</millis>
  <sequence>0</sequence>
  <logger>ServerINSE</logger>
  <level>INFO</level>
  <class>Replica1.Server3</class>
  <method>main</method>
  <thread>1</thread>
  <message>Replica3 running...</message>
</record>
<?xml version="1.0" encoding="windows-1252" standalone="no"?>
<!DOCTYPE log SYSTEM "logger.dtd">
<log>
<record>
  <date>2018-12-02T16:25:24</date>
  <millis>1543785924720</millis>
  <sequence>0</sequence>
  <logger>ServerINSE</logger>
  <level>INFO</level>
  <class>Replica1.Server3</class>
  <method>main</method>
  <thread>1</thread>
  <message>Replica3 running...</message>
</record>
<?xml version="1.0" encoding="windows-1252" standalone="no"?>
<!DOCTYPE log SYSTEM "logger.dtd">
<log>
<record>
  <date>2018-12-02T16:35:19</date>
  <millis>1543786519844</millis>
  <sequence>0</sequence>
  <logger>ServerINSE</logger>
  <level>INFO</level>
  <class>Replica1.Server3</class>
  <method>main</method>
  <thread>1</thread>
  <message>Replica3 running...</message>
</record>
<?xml version="1.0" encoding="windows-1252" standalone="no"?>
<!DOCTYPE log SYSTEM "logger.dtd">
<log>
<record>
  <date>2018-12-02T16:53:45</date>
  <millis>1543787625082</millis>
  <sequence>0</sequence>
  <logger>ServerINSE</logger>
  <level>INFO</level>
  <class>Replica1.Server3</class>
  <method>main</method>
  <thread>1</thread>
  <message>Replica3 running...</message>
</record>
<?xml version="1.0" encoding="windows-1252" standalone="no"?>
<!DOCTYPE log SYSTEM "logger.dtd">
<log>
<record>
  <date>2018-12-02T17:01:31</date>
  <millis>1543788091336</millis>
  <sequence>0</sequence>
  <logger>ServerINSE</logger>
  <level>INFO</level>
  <class>Replica1.Server3</class>
  <method>main</method>
  <thread>1</thread>
  <message>Replica3 running...</message>
</record>
<?xml version="1.0" encoding="windows-1252" standalone="no"?>
<!DOCTYPE log SYSTEM "logger.dtd">
<log>
<record>
  <date>2018-12-02T17:05:04</date>
  <millis>1543788304047</millis>
  <sequence>0</sequence>
  <logger>ServerINSE</logger>
  <level>INFO</level>
  <class>Replica1.Server3</class>
  <method>main</method>
  <thread>1</thread>
  <message>Replica3 running...</message>
</record>
<?xml version="1.0" encoding="windows-1252" standalone="no"?>
<!DOCTYPE log SYSTEM "logger.dtd">
<log>
<record>
  <date>2018-12-02T17:07:39</date>
  <millis>1543788459330</millis>
  <sequence>0</sequence>
  <logger>ServerINSE</logger>
  <level>INFO</level>
  <class>Replica1.Server3</class>
  <method>main</method>
  <thread>1</thread>
  <message>Replica3 running...</message>
</record>
<?xml version="1.0" encoding="windows-1252" standalone="no"?>
<!DOCTYPE log SYSTEM "logger.dtd">
<log>
<record>
  <date>2018-12-02T17:15:52</date>
  <millis>1543788952443</millis>
  <sequence>0</sequence>
  <logger>ServerINSE</logger>
  <level>INFO</level>
  <class>Replica1.Server3</class>
  <method>main</method>
  <thread>1</thread>
  <message>Replica3 running...</message>
</record>
<?xml version="1.0" encoding="windows-1252" standalone="no"?>
<!DOCTYPE log SYSTEM "logger.dtd">
<log>
<record>
  <date>2018-12-02T17:24:40</date>
  <millis>1543789480239</millis>
  <sequence>0</sequence>
  <logger>ServerINSE</logger>
  <level>INFO</level>
  <class>Replica1.Server3</class>
  <method>main</method>
  <thread>1</thread>
  <message>Replica3 running...</message>
</record>
<?xml version="1.0" encoding="windows-1252" standalone="no"?>
<!DOCTYPE log SYSTEM "logger.dtd">
<log>
<record>
  <date>2018-12-02T17:37:46</date>
  <millis>1543790266755</millis>
  <sequence>0</sequence>
  <logger>ServerINSE</logger>
  <level>INFO</level>
  <class>Replica1.Server3</class>
  <method>main</method>
  <thread>1</thread>
  <message>Replica3 running...</message>
</record>
<?xml version="1.0" encoding="windows-1252" standalone="no"?>
<!DOCTYPE log SYSTEM "logger.dtd">
<log>
<record>
  <date>2018-12-02T17:58:16</date>
  <millis>1543791496327</millis>
  <sequence>0</sequence>
  <logger>ServerINSE</logger>
  <level>INFO</level>
  <class>Replica1.Server3</class>
  <method>main</method>
  <thread>1</thread>
  <message>Replica3 running...</message>
</record>
<?xml version="1.0" encoding="windows-1252" standalone="no"?>
<!DOCTYPE log SYSTEM "logger.dtd">
<log>
<record>
  <date>2018-12-02T18:09:15</date>
  <millis>1543792155811</millis>
  <sequence>0</sequence>
  <logger>ServerINSE</logger>
  <level>INFO</level>
  <class>Replica1.Server3</class>
  <method>main</method>
  <thread>1</thread>
  <message>Replica3 running...</message>
</record>
<?xml version="1.0" encoding="windows-1252" standalone="no"?>
<!DOCTYPE log SYSTEM "logger.dtd">
<log>
<record>
  <date>2018-12-02T18:30:55</date>
  <millis>1543793455763</millis>
  <sequence>0</sequence>
  <logger>ServerINSE</logger>
  <level>INFO</level>
  <class>Replica1.Server3</class>
  <method>main</method>
  <thread>1</thread>
  <message>Replica3 running...</message>
</record>
<?xml version="1.0" encoding="windows-1252" standalone="no"?>
<!DOCTYPE log SYSTEM "logger.dtd">
<log>
<record>
  <date>2018-12-02T19:00:01</date>
  <millis>1543795201850</millis>
  <sequence>0</sequence>
  <logger>ServerINSE</logger>
  <level>INFO</level>
  <class>Replica1.Server3</class>
  <method>main</method>
  <thread>1</thread>
  <message>Replica3 running...</message>
</record>
<?xml version="1.0" encoding="windows-1252" standalone="no"?>
<!DOCTYPE log SYSTEM "logger.dtd">
<log>
<record>
  <date>2018-12-02T19:25:05</date>
  <millis>1543796705680</millis>
  <sequence>0</sequence>
  <logger>ServerINSE</logger>
  <level>INFO</level>
  <class>Replica1.Server3</class>
  <method>main</method>
  <thread>1</thread>
  <message>Replica3 running...</message>
</record>
<?xml version="1.0" encoding="windows-1252" standalone="no"?>
<!DOCTYPE log SYSTEM "logger.dtd">
<log>
<record>
  <date>2018-12-02T19:25:57</date>
  <millis>1543796757305</millis>
  <sequence>0</sequence>
  <logger>ServerINSE</logger>
  <level>INFO</level>
  <class>Replica1.Server3</class>
  <method>main</method>
  <thread>1</thread>
  <message>Replica3 running...</message>
</record>
<?xml version="1.0" encoding="windows-1252" standalone="no"?>
<!DOCTYPE log SYSTEM "logger.dtd">
<log>
<record>
  <date>2018-12-02T19:29:07</date>
  <millis>1543796947899</millis>
  <sequence>0</sequence>
  <logger>ServerINSE</logger>
  <level>INFO</level>
  <class>Replica1.Server3</class>
  <method>main</method>
  <thread>1</thread>
  <message>Replica3 running...</message>
</record>
<?xml version="1.0" encoding="windows-1252" standalone="no"?>
<!DOCTYPE log SYSTEM "logger.dtd">
<log>
<record>
  <date>2018-12-02T19:36:20</date>
  <millis>1543797380209</millis>
  <sequence>0</sequence>
  <logger>ServerINSE</logger>
  <level>INFO</level>
  <class>Replica1.Server3</class>
  <method>main</method>
  <thread>1</thread>
  <message>Replica3 running...</message>
</record>
<?xml version="1.0" encoding="windows-1252" standalone="no"?>
<!DOCTYPE log SYSTEM "logger.dtd">
<log>
<record>
  <date>2018-12-02T19:39:14</date>
  <millis>1543797554617</millis>
  <sequence>0</sequence>
  <logger>ServerINSE</logger>
  <level>INFO</level>
  <class>Replica1.Server3</class>
  <method>main</method>
  <thread>1</thread>
  <message>Replica3 running...</message>
</record>
<?xml version="1.0" encoding="windows-1252" standalone="no"?>
<!DOCTYPE log SYSTEM "logger.dtd">
<log>
<record>
  <date>2018-12-02T19:47:05</date>
  <millis>1543798025570</millis>
  <sequence>0</sequence>
  <logger>ServerINSE</logger>
  <level>INFO</level>
  <class>Replica1.Server3</class>
  <method>main</method>
  <thread>1</thread>
  <message>Replica3 running...</message>
</record>
<?xml version="1.0" encoding="windows-1252" standalone="no"?>
<!DOCTYPE log SYSTEM "logger.dtd">
<log>
<record>
  <date>2018-12-02T19:54:00</date>
  <millis>1543798440169</millis>
  <sequence>0</sequence>
  <logger>ServerINSE</logger>
  <level>INFO</level>
  <class>Replica1.Server3</class>
  <method>main</method>
  <thread>1</thread>
  <message>Replica3 running...</message>
</record>
<?xml version="1.0" encoding="windows-1252" standalone="no"?>
<!DOCTYPE log SYSTEM "logger.dtd">
<log>
<record>
  <date>2018-12-02T20:19:58</date>
  <millis>1543799998227</millis>
  <sequence>0</sequence>
  <logger>ServerINSE</logger>
  <level>INFO</level>
  <class>Replica1.Server3</class>
  <method>main</method>
  <thread>1</thread>
  <message>Replica3 running...</message>
</record>
<?xml version="1.0" encoding="windows-1252" standalone="no"?>
<!DOCTYPE log SYSTEM "logger.dtd">
<log>
<record>
  <date>2018-12-02T20:22:04</date>
  <millis>1543800124586</millis>
  <sequence>0</sequence>
  <logger>ServerINSE</logger>
  <level>INFO</level>
  <class>Replica1.Server3</class>
  <method>main</method>
  <thread>1</thread>
  <message>Replica3 running...</message>
</record>
<?xml version="1.0" encoding="windows-1252" standalone="no"?>
<!DOCTYPE log SYSTEM "logger.dtd">
<log>
<record>
  <date>2018-12-02T20:26:12</date>
  <millis>1543800372829</millis>
  <sequence>0</sequence>
  <logger>ServerINSE</logger>
  <level>INFO</level>
  <class>Replica1.Server3</class>
  <method>main</method>
  <thread>1</thread>
  <message>Replica3 running...</message>
</record>
<?xml version="1.0" encoding="windows-1252" standalone="no"?>
<!DOCTYPE log SYSTEM "logger.dtd">
<log>
<record>
  <date>2018-12-02T20:48:45</date>
  <millis>1543801725904</millis>
  <sequence>0</sequence>
  <logger>ServerINSE</logger>
  <level>INFO</level>
  <class>Replica1.Server3</class>
  <method>main</method>
  <thread>1</thread>
  <message>Replica3 running...</message>
</record>
<?xml version="1.0" encoding="windows-1252" standalone="no"?>
<!DOCTYPE log SYSTEM "logger.dtd">
<log>
<record>
  <date>2018-12-02T20:53:51</date>
  <millis>1543802031334</millis>
  <sequence>0</sequence>
  <logger>ServerINSE</logger>
  <level>INFO</level>
  <class>Replica1.Server3</class>
  <method>main</method>
  <thread>1</thread>
  <message>Replica3 running...</message>
</record>
<?xml version="1.0" encoding="windows-1252" standalone="no"?>
<!DOCTYPE log SYSTEM "logger.dtd">
<log>
<record>
  <date>2018-12-02T21:02:15</date>
  <millis>1543802535360</millis>
  <sequence>0</sequence>
  <logger>ServerINSE</logger>
  <level>INFO</level>
  <class>Replica1.Server3</class>
  <method>main</method>
  <thread>1</thread>
  <message>Replica3 running...</message>
</record>
<?xml version="1.0" encoding="windows-1252" standalone="no"?>
<!DOCTYPE log SYSTEM "logger.dtd">
<log>
<record>
  <date>2018-12-02T21:07:26</date>
  <millis>1543802846331</millis>
  <sequence>0</sequence>
  <logger>ServerINSE</logger>
  <level>INFO</level>
  <class>Replica1.Server3</class>
  <method>main</method>
  <thread>1</thread>
  <message>Replica3 running...</message>
</record>
<?xml version="1.0" encoding="windows-1252" standalone="no"?>
<!DOCTYPE log SYSTEM "logger.dtd">
<log>
<record>
  <date>2018-12-02T21:10:01</date>
  <millis>1543803001771</millis>
  <sequence>0</sequence>
  <logger>ServerINSE</logger>
  <level>INFO</level>
  <class>Replica1.Server3</class>
  <method>main</method>
  <thread>1</thread>
  <message>Replica3 running...</message>
</record>
<?xml version="1.0" encoding="windows-1252" standalone="no"?>
<!DOCTYPE log SYSTEM "logger.dtd">
<log>
<record>
  <date>2018-12-02T21:14:38</date>
  <millis>1543803278913</millis>
  <sequence>0</sequence>
  <logger>ServerINSE</logger>
  <level>INFO</level>
  <class>Replica1.Server3</class>
  <method>main</method>
  <thread>1</thread>
  <message>Replica3 running...</message>
</record>
<?xml version="1.0" encoding="windows-1252" standalone="no"?>
<!DOCTYPE log SYSTEM "logger.dtd">
<log>
<record>
  <date>2018-12-02T21:18:01</date>
  <millis>1543803481477</millis>
  <sequence>0</sequence>
  <logger>ServerINSE</logger>
  <level>INFO</level>
  <class>Replica1.Server3</class>
  <method>main</method>
  <thread>1</thread>
  <message>Replica3 running...</message>
</record>
<?xml version="1.0" encoding="windows-1252" standalone="no"?>
<!DOCTYPE log SYSTEM "logger.dtd">
<log>
<record>
  <date>2018-12-02T21:23:28</date>
  <millis>1543803808203</millis>
  <sequence>0</sequence>
  <logger>ServerINSE</logger>
  <level>INFO</level>
  <class>Replica1.Server3</class>
  <method>main</method>
  <thread>1</thread>
  <message>Replica3 running...</message>
</record>
<?xml version="1.0" encoding="windows-1252" standalone="no"?>
<!DOCTYPE log SYSTEM "logger.dtd">
<log>
<record>
  <date>2018-12-02T21:27:29</date>
  <millis>1543804049656</millis>
  <sequence>0</sequence>
  <logger>ServerINSE</logger>
  <level>INFO</level>
  <class>Replica1.Server3</class>
  <method>main</method>
  <thread>1</thread>
  <message>Replica3 running...</message>
</record>
<?xml version="1.0" encoding="windows-1252" standalone="no"?>
<!DOCTYPE log SYSTEM "logger.dtd">
<log>
<record>
  <date>2018-12-02T21:41:11</date>
  <millis>1543804871324</millis>
  <sequence>0</sequence>
  <logger>ServerINSE</logger>
  <level>INFO</level>
  <class>Replica1.Server3</class>
  <method>main</method>
  <thread>1</thread>
  <message>Replica3 running...</message>
</record>
<?xml version="1.0" encoding="windows-1252" standalone="no"?>
<!DOCTYPE log SYSTEM "logger.dtd">
<log>
<record>
  <date>2018-12-02T21:51:34</date>
  <millis>1543805494304</millis>
  <sequence>0</sequence>
  <logger>ServerINSE</logger>
  <level>INFO</level>
  <class>Replica1.Server3</class>
  <method>main</method>
  <thread>1</thread>
  <message>Replica3 running...</message>
</record>
<?xml version="1.0" encoding="windows-1252" standalone="no"?>
<!DOCTYPE log SYSTEM "logger.dtd">
<log>
<record>
  <date>2018-12-02T22:04:07</date>
  <millis>1543806247649</millis>
  <sequence>0</sequence>
  <logger>ServerINSE</logger>
  <level>INFO</level>
  <class>Replica1.Server3</class>
  <method>main</method>
  <thread>1</thread>
  <message>Replica3 running...</message>
</record>
<?xml version="1.0" encoding="windows-1252" standalone="no"?>
<!DOCTYPE log SYSTEM "logger.dtd">
<log>
<record>
  <date>2018-12-02T22:09:04</date>
  <millis>1543806544566</millis>
  <sequence>0</sequence>
  <logger>ServerINSE</logger>
  <level>INFO</level>
  <class>Replica1.Server3</class>
  <method>main</method>
  <thread>1</thread>
  <message>Replica3 running...</message>
</record>
<?xml version="1.0" encoding="windows-1252" standalone="no"?>
<!DOCTYPE log SYSTEM "logger.dtd">
<log>
<record>
  <date>2018-12-02T22:13:32</date>
  <millis>1543806812959</millis>
  <sequence>0</sequence>
  <logger>ServerINSE</logger>
  <level>INFO</level>
  <class>Replica1.Server3</class>
  <method>main</method>
  <thread>1</thread>
  <message>Replica3 running...</message>
</record>
<?xml version="1.0" encoding="windows-1252" standalone="no"?>
<!DOCTYPE log SYSTEM "logger.dtd">
<log>
<record>
  <date>2018-12-02T22:27:03</date>
  <millis>1543807623316</millis>
  <sequence>0</sequence>
  <logger>ServerINSE</logger>
  <level>INFO</level>
  <class>Replica1.Server3</class>
  <method>main</method>
  <thread>1</thread>
  <message>Replica3 running...</message>
</record>
<?xml version="1.0" encoding="windows-1252" standalone="no"?>
<!DOCTYPE log SYSTEM "logger.dtd">
<log>
<record>
  <date>2018-12-02T22:31:51</date>
  <millis>1543807911945</millis>
  <sequence>0</sequence>
  <logger>ServerINSE</logger>
  <level>INFO</level>
  <class>Replica1.Server3</class>
  <method>main</method>
  <thread>1</thread>
  <message>Replica3 running...</message>
</record>
<?xml version="1.0" encoding="windows-1252" standalone="no"?>
<!DOCTYPE log SYSTEM "logger.dtd">
<log>
<record>
  <date>2018-12-02T22:37:17</date>
  <millis>1543808237569</millis>
  <sequence>0</sequence>
  <logger>ServerINSE</logger>
  <level>INFO</level>
  <class>Replica1.Server3</class>
  <method>main</method>
  <thread>1</thread>
  <message>Replica3 running...</message>
</record>
<?xml version="1.0" encoding="windows-1252" standalone="no"?>
<!DOCTYPE log SYSTEM "logger.dtd">
<log>
<record>
  <date>2018-12-02T22:44:43</date>
  <millis>1543808683504</millis>
  <sequence>0</sequence>
  <logger>ServerINSE</logger>
  <level>INFO</level>
  <class>Replica1.Server3</class>
  <method>main</method>
  <thread>1</thread>
  <message>Replica3 running...</message>
</record>
<?xml version="1.0" encoding="windows-1252" standalone="no"?>
<!DOCTYPE log SYSTEM "logger.dtd">
<log>
<record>
  <date>2018-12-02T22:51:46</date>
  <millis>1543809106039</millis>
  <sequence>0</sequence>
  <logger>ServerINSE</logger>
  <level>INFO</level>
  <class>Replica1.Server3</class>
  <method>main</method>
  <thread>1</thread>
  <message>Replica3 running...</message>
</record>
<?xml version="1.0" encoding="windows-1252" standalone="no"?>
<!DOCTYPE log SYSTEM "logger.dtd">
<log>
<record>
  <date>2018-12-02T23:04:14</date>
  <millis>1543809854147</millis>
  <sequence>0</sequence>
  <logger>ServerINSE</logger>
  <level>INFO</level>
  <class>Replica1.Server3</class>
  <method>main</method>
  <thread>1</thread>
  <message>Replica3 running...</message>
</record>
<?xml version="1.0" encoding="windows-1252" standalone="no"?>
<!DOCTYPE log SYSTEM "logger.dtd">
<log>
<record>
  <date>2018-12-02T23:13:09</date>
  <millis>1543810389811</millis>
  <sequence>0</sequence>
  <logger>ServerINSE</logger>
  <level>INFO</level>
  <class>Replica1.Server3</class>
  <method>main</method>
  <thread>1</thread>
  <message>Replica3 running...</message>
</record>
<?xml version="1.0" encoding="windows-1252" standalone="no"?>
<!DOCTYPE log SYSTEM "logger.dtd">
<log>
<record>
  <date>2018-12-02T23:16:16</date>
  <millis>1543810576757</millis>
  <sequence>0</sequence>
  <logger>ServerINSE</logger>
  <level>INFO</level>
  <class>Replica1.Server3</class>
  <method>main</method>
  <thread>1</thread>
  <message>Replica3 running...</message>
</record>
<?xml version="1.0" encoding="windows-1252" standalone="no"?>
<!DOCTYPE log SYSTEM "logger.dtd">
<log>
<record>
  <date>2018-12-02T23:23:39</date>
  <millis>1543811019781</millis>
  <sequence>0</sequence>
  <logger>ServerINSE</logger>
  <level>INFO</level>
  <class>Replica1.Server3</class>
  <method>main</method>
  <thread>1</thread>
  <message>Replica3 running...</message>
</record>
<?xml version="1.0" encoding="windows-1252" standalone="no"?>
<!DOCTYPE log SYSTEM "logger.dtd">
<log>
<record>
  <date>2018-12-02T23:55:09</date>
  <millis>1543812909566</millis>
  <sequence>0</sequence>
  <logger>ServerINSE</logger>
  <level>INFO</level>
  <class>Replica1.Server3</class>
  <method>main</method>
  <thread>1</thread>
  <message>Replica3 running...</message>
</record>
<?xml version="1.0" encoding="windows-1252" standalone="no"?>
<!DOCTYPE log SYSTEM "logger.dtd">
<log>
<record>
  <date>2018-12-03T01:47:46</date>
  <millis>1543819666248</millis>
  <sequence>0</sequence>
  <logger>ServerINSE</logger>
  <level>INFO</level>
  <class>Replica1.Server3</class>
  <method>main</method>
  <thread>1</thread>
  <message>Replica3 running...</message>
</record>
<?xml version="1.0" encoding="windows-1252" standalone="no"?>
<!DOCTYPE log SYSTEM "logger.dtd">
<log>
<record>
  <date>2018-12-03T01:54:26</date>
  <millis>1543820066267</millis>
  <sequence>0</sequence>
  <logger>ServerINSE</logger>
  <level>INFO</level>
  <class>Replica1.Server3</class>
  <method>main</method>
  <thread>1</thread>
  <message>Replica3 running...</message>
</record>
<record>
  <date>2018-12-03T01:55:40</date>
  <millis>1543820140663</millis>
  <sequence>2</sequence>
  <logger>ServerINSE</logger>
  <level>INFO</level>
  <class>Replica1.Server3</class>
  <method>main</method>
  <thread>1</thread>
  <message>Reply sent to FE</message>
</record>
<?xml version="1.0" encoding="windows-1252" standalone="no"?>
<!DOCTYPE log SYSTEM "logger.dtd">
<log>
<record>
  <date>2018-12-03T02:07:53</date>
  <millis>1543820873600</millis>
  <sequence>0</sequence>
  <logger>ServerINSE</logger>
  <level>INFO</level>
  <class>Replica1.Server3</class>
  <method>main</method>
  <thread>1</thread>
  <message>Replica3 running...</message>
</record>
<record>
  <date>2018-12-03T02:10:39</date>
  <millis>1543821039417</millis>
  <sequence>2</sequence>
  <logger>ServerINSE</logger>
  <level>INFO</level>
  <class>Replica1.Server3</class>
  <method>main</method>
  <thread>1</thread>
  <message>Reply sent to FE</message>
</record>
<record>
  <date>2018-12-03T02:10:49</date>
  <millis>1543821049493</millis>
  <sequence>3</sequence>
  <logger>ServerINSE</logger>
  <level>INFO</level>
  <class>Replica1.Server3</class>
  <method>main</method>
  <thread>1</thread>
  <message>Reply sent to FE</message>
</record>
<record>
  <date>2018-12-03T02:10:49</date>
  <millis>1543821049497</millis>
  <sequence>4</sequence>
  <logger>ServerINSE</logger>
  <level>INFO</level>
  <class>Replica1.Server3</class>
  <method>main</method>
  <thread>1</thread>
  <message>Reply sent to FE</message>
</record>
<record>
  <date>2018-12-03T02:10:49</date>
  <millis>1543821049499</millis>
  <sequence>5</sequence>
  <logger>ServerINSE</logger>
  <level>INFO</level>
  <class>Replica1.Server3</class>
  <method>main</method>
  <thread>1</thread>
  <message>Reply sent to FE</message>
</record>
<record>
  <date>2018-12-03T02:10:49</date>
  <millis>1543821049505</millis>
  <sequence>6</sequence>
  <logger>ServerINSE</logger>
  <level>INFO</level>
  <class>Replica1.Server3</class>
  <method>main</method>
  <thread>1</thread>
  <message>Reply sent to FE</message>
</record>
<record>
  <date>2018-12-03T02:10:49</date>
  <millis>1543821049508</millis>
  <sequence>7</sequence>
  <logger>ServerINSE</logger>
  <level>INFO</level>
  <class>Replica1.Server3</class>
  <method>main</method>
  <thread>1</thread>
  <message>Reply sent to FE</message>
</record>
<record>
  <date>2018-12-03T02:10:49</date>
  <millis>1543821049511</millis>
  <sequence>8</sequence>
  <logger>ServerINSE</logger>
  <level>INFO</level>
  <class>Replica1.Server3</class>
  <method>main</method>
  <thread>1</thread>
  <message>Reply sent to FE</message>
</record>
<record>
  <date>2018-12-03T02:10:49</date>
  <millis>1543821049513</millis>
  <sequence>9</sequence>
  <logger>ServerINSE</logger>
  <level>INFO</level>
  <class>Replica1.Server3</class>
  <method>main</method>
  <thread>1</thread>
  <message>Reply sent to FE</message>
</record>
<record>
  <date>2018-12-03T02:10:49</date>
  <millis>1543821049516</millis>
  <sequence>10</sequence>
  <logger>ServerINSE</logger>
  <level>INFO</level>
  <class>Replica1.Server3</class>
  <method>main</method>
  <thread>1</thread>
  <message>Reply sent to FE</message>
</record>
<record>
  <date>2018-12-03T02:10:49</date>
  <millis>1543821049520</millis>
  <sequence>11</sequence>
  <logger>ServerINSE</logger>
  <level>INFO</level>
  <class>Replica1.Server3</class>
  <method>main</method>
  <thread>1</thread>
  <message>Reply sent to FE</message>
</record>
<record>
  <date>2018-12-03T02:10:49</date>
  <millis>1543821049523</millis>
  <sequence>12</sequence>
  <logger>ServerINSE</logger>
  <level>INFO</level>
  <class>Replica1.Server3</class>
  <method>main</method>
  <thread>1</thread>
  <message>Reply sent to FE</message>
</record>
<record>
  <date>2018-12-03T02:10:49</date>
  <millis>1543821049530</millis>
  <sequence>13</sequence>
  <logger>ServerINSE</logger>
  <level>INFO</level>
  <class>Replica1.Server3</class>
  <method>main</method>
  <thread>1</thread>
  <message>Reply sent to FE</message>
</record>
<record>
  <date>2018-12-03T02:10:49</date>
  <millis>1543821049534</millis>
  <sequence>14</sequence>
  <logger>ServerINSE</logger>
  <level>INFO</level>
  <class>Replica1.Server3</class>
  <method>main</method>
  <thread>1</thread>
  <message>Reply sent to FE</message>
</record>
<record>
  <date>2018-12-03T02:10:49</date>
  <millis>1543821049537</millis>
  <sequence>15</sequence>
  <logger>ServerINSE</logger>
  <level>INFO</level>
  <class>Replica1.Server3</class>
  <method>main</method>
  <thread>1</thread>
  <message>Reply sent to FE</message>
</record>
<record>
  <date>2018-12-03T02:10:49</date>
  <millis>1543821049539</millis>
  <sequence>16</sequence>
  <logger>ServerINSE</logger>
  <level>INFO</level>
  <class>Replica1.Server3</class>
  <method>main</method>
  <thread>1</thread>
  <message>Reply sent to FE</message>
</record>
<record>
  <date>2018-12-03T02:10:49</date>
  <millis>1543821049542</millis>
  <sequence>17</sequence>
  <logger>ServerINSE</logger>
  <level>INFO</level>
  <class>Replica1.Server3</class>
  <method>main</method>
  <thread>1</thread>
  <message>Reply sent to FE</message>
</record>
<record>
  <date>2018-12-03T02:10:49</date>
  <millis>1543821049545</millis>
  <sequence>18</sequence>
  <logger>ServerINSE</logger>
  <level>INFO</level>
  <class>Replica1.Server3</class>
  <method>main</method>
  <thread>1</thread>
  <message>Reply sent to FE</message>
</record>
<record>
  <date>2018-12-03T02:10:49</date>
  <millis>1543821049548</millis>
  <sequence>19</sequence>
  <logger>ServerINSE</logger>
  <level>INFO</level>
  <class>Replica1.Server3</class>
  <method>main</method>
  <thread>1</thread>
  <message>Reply sent to FE</message>
</record>
<record>
  <date>2018-12-03T02:10:49</date>
  <millis>1543821049551</millis>
  <sequence>20</sequence>
  <logger>ServerINSE</logger>
  <level>INFO</level>
  <class>Replica1.Server3</class>
  <method>main</method>
  <thread>1</thread>
  <message>Reply sent to FE</message>
</record>
<record>
  <date>2018-12-03T02:10:49</date>
  <millis>1543821049553</millis>
  <sequence>21</sequence>
  <logger>ServerINSE</logger>
  <level>INFO</level>
  <class>Replica1.Server3</class>
  <method>main</method>
  <thread>1</thread>
  <message>Reply sent to FE</message>
</record>
<record>
  <date>2018-12-03T02:10:49</date>
  <millis>1543821049555</millis>
  <sequence>22</sequence>
  <logger>ServerINSE</logger>
  <level>INFO</level>
  <class>Replica1.Server3</class>
  <method>main</method>
  <thread>1</thread>
  <message>Reply sent to FE</message>
</record>
<record>
  <date>2018-12-03T02:10:49</date>
  <millis>1543821049558</millis>
  <sequence>23</sequence>
  <logger>ServerINSE</logger>
  <level>INFO</level>
  <class>Replica1.Server3</class>
  <method>main</method>
  <thread>1</thread>
  <message>Reply sent to FE</message>
</record>
<record>
  <date>2018-12-03T02:10:49</date>
  <millis>1543821049559</millis>
  <sequence>24</sequence>
  <logger>ServerINSE</logger>
  <level>INFO</level>
  <class>Replica1.Server3</class>
  <method>main</method>
  <thread>1</thread>
  <message>Reply sent to FE</message>
</record>
<record>
  <date>2018-12-03T02:10:49</date>
  <millis>1543821049564</millis>
  <sequence>25</sequence>
  <logger>ServerINSE</logger>
  <level>INFO</level>
  <class>Replica1.Server3</class>
  <method>main</method>
  <thread>1</thread>
  <message>Reply sent to FE</message>
</record>
<record>
  <date>2018-12-03T02:10:49</date>
  <millis>1543821049566</millis>
  <sequence>26</sequence>
  <logger>ServerINSE</logger>
  <level>INFO</level>
  <class>Replica1.Server3</class>
  <method>main</method>
  <thread>1</thread>
  <message>Reply sent to FE</message>
</record>
<record>
  <date>2018-12-03T02:10:49</date>
  <millis>1543821049568</millis>
  <sequence>27</sequence>
  <logger>ServerINSE</logger>
  <level>INFO</level>
  <class>Replica1.Server3</class>
  <method>main</method>
  <thread>1</thread>
  <message>Reply sent to FE</message>
</record>
<record>
  <date>2018-12-03T02:10:49</date>
  <millis>1543821049570</millis>
  <sequence>28</sequence>
  <logger>ServerINSE</logger>
  <level>INFO</level>
  <class>Replica1.Server3</class>
  <method>main</method>
  <thread>1</thread>
  <message>Reply sent to FE</message>
</record>
<record>
  <date>2018-12-03T02:10:49</date>
  <millis>1543821049572</millis>
  <sequence>29</sequence>
  <logger>ServerINSE</logger>
  <level>INFO</level>
  <class>Replica1.Server3</class>
  <method>main</method>
  <thread>1</thread>
  <message>Reply sent to FE</message>
</record>
<record>
  <date>2018-12-03T02:10:49</date>
  <millis>1543821049574</millis>
  <sequence>30</sequence>
  <logger>ServerINSE</logger>
  <level>INFO</level>
  <class>Replica1.Server3</class>
  <method>main</method>
  <thread>1</thread>
  <message>Reply sent to FE</message>
</record>
<record>
  <date>2018-12-03T02:10:49</date>
  <millis>1543821049575</millis>
  <sequence>31</sequence>
  <logger>ServerINSE</logger>
  <level>INFO</level>
  <class>Replica1.Server3</class>
  <method>main</method>
  <thread>1</thread>
  <message>Reply sent to FE</message>
</record>
<record>
  <date>2018-12-03T02:10:49</date>
  <millis>1543821049577</millis>
  <sequence>32</sequence>
  <logger>ServerINSE</logger>
  <level>INFO</level>
  <class>Replica1.Server3</class>
  <method>main</method>
  <thread>1</thread>
  <message>Reply sent to FE</message>
</record>
<record>
  <date>2018-12-03T02:10:49</date>
  <millis>1543821049580</millis>
  <sequence>33</sequence>
  <logger>ServerINSE</logger>
  <level>INFO</level>
  <class>Replica1.Server3</class>
  <method>main</method>
  <thread>1</thread>
  <message>Reply sent to FE</message>
</record>
<record>
  <date>2018-12-03T02:10:49</date>
  <millis>1543821049583</millis>
  <sequence>34</sequence>
  <logger>ServerINSE</logger>
  <level>INFO</level>
  <class>Replica1.Server3</class>
  <method>main</method>
  <thread>1</thread>
  <message>Reply sent to FE</message>
</record>
<record>
  <date>2018-12-03T02:10:49</date>
  <millis>1543821049586</millis>
  <sequence>35</sequence>
  <logger>ServerINSE</logger>
  <level>INFO</level>
  <class>Replica1.Server3</class>
  <method>main</method>
  <thread>1</thread>
  <message>Reply sent to FE</message>
</record>
<record>
  <date>2018-12-03T02:10:49</date>
  <millis>1543821049588</millis>
  <sequence>36</sequence>
  <logger>ServerINSE</logger>
  <level>INFO</level>
  <class>Replica1.Server3</class>
  <method>main</method>
  <thread>1</thread>
  <message>Reply sent to FE</message>
</record>
<record>
  <date>2018-12-03T02:10:49</date>
  <millis>1543821049590</millis>
  <sequence>37</sequence>
  <logger>ServerINSE</logger>
  <level>INFO</level>
  <class>Replica1.Server3</class>
  <method>main</method>
  <thread>1</thread>
  <message>Reply sent to FE</message>
</record>
<record>
  <date>2018-12-03T02:10:49</date>
  <millis>1543821049592</millis>
  <sequence>38</sequence>
  <logger>ServerINSE</logger>
  <level>INFO</level>
  <class>Replica1.Server3</class>
  <method>main</method>
  <thread>1</thread>
  <message>Reply sent to FE</message>
</record>
<record>
  <date>2018-12-03T02:10:49</date>
  <millis>1543821049594</millis>
  <sequence>39</sequence>
  <logger>ServerINSE</logger>
  <level>INFO</level>
  <class>Replica1.Server3</class>
  <method>main</method>
  <thread>1</thread>
  <message>Reply sent to FE</message>
</record>
<record>
  <date>2018-12-03T02:10:49</date>
  <millis>1543821049595</millis>
  <sequence>40</sequence>
  <logger>ServerINSE</logger>
  <level>INFO</level>
  <class>Replica1.Server3</class>
  <method>main</method>
  <thread>1</thread>
  <message>Reply sent to FE</message>
</record>
<record>
  <date>2018-12-03T02:10:49</date>
  <millis>1543821049597</millis>
  <sequence>41</sequence>
  <logger>ServerINSE</logger>
  <level>INFO</level>
  <class>Replica1.Server3</class>
  <method>main</method>
  <thread>1</thread>
  <message>Reply sent to FE</message>
</record>
<record>
  <date>2018-12-03T02:10:49</date>
  <millis>1543821049599</millis>
  <sequence>42</sequence>
  <logger>ServerINSE</logger>
  <level>INFO</level>
  <class>Replica1.Server3</class>
  <method>main</method>
  <thread>1</thread>
  <message>Reply sent to FE</message>
</record>
<record>
  <date>2018-12-03T02:10:49</date>
  <millis>1543821049601</millis>
  <sequence>43</sequence>
  <logger>ServerINSE</logger>
  <level>INFO</level>
  <class>Replica1.Server3</class>
  <method>main</method>
  <thread>1</thread>
  <message>Reply sent to FE</message>
</record>
<record>
  <date>2018-12-03T02:10:49</date>
  <millis>1543821049602</millis>
  <sequence>44</sequence>
  <logger>ServerINSE</logger>
  <level>INFO</level>
  <class>Replica1.Server3</class>
  <method>main</method>
  <thread>1</thread>
  <message>Reply sent to FE</message>
</record>
<record>
  <date>2018-12-03T02:10:49</date>
  <millis>1543821049604</millis>
  <sequence>45</sequence>
  <logger>ServerINSE</logger>
  <level>INFO</level>
  <class>Replica1.Server3</class>
  <method>main</method>
  <thread>1</thread>
  <message>Reply sent to FE</message>
</record>
<record>
  <date>2018-12-03T02:10:49</date>
  <millis>1543821049605</millis>
  <sequence>46</sequence>
  <logger>ServerINSE</logger>
  <level>INFO</level>
  <class>Replica1.Server3</class>
  <method>main</method>
  <thread>1</thread>
  <message>Reply sent to FE</message>
</record>
<record>
  <date>2018-12-03T02:10:49</date>
  <millis>1543821049607</millis>
  <sequence>47</sequence>
  <logger>ServerINSE</logger>
  <level>INFO</level>
  <class>Replica1.Server3</class>
  <method>main</method>
  <thread>1</thread>
  <message>Reply sent to FE</message>
</record>
<record>
  <date>2018-12-03T02:10:49</date>
  <millis>1543821049608</millis>
  <sequence>48</sequence>
  <logger>ServerINSE</logger>
  <level>INFO</level>
  <class>Replica1.Server3</class>
  <method>main</method>
  <thread>1</thread>
  <message>Reply sent to FE</message>
</record>
<record>
  <date>2018-12-03T02:10:49</date>
  <millis>1543821049610</millis>
  <sequence>49</sequence>
  <logger>ServerINSE</logger>
  <level>INFO</level>
  <class>Replica1.Server3</class>
  <method>main</method>
  <thread>1</thread>
  <message>Reply sent to FE</message>
</record>
<record>
  <date>2018-12-03T02:10:49</date>
  <millis>1543821049612</millis>
  <sequence>50</sequence>
  <logger>ServerINSE</logger>
  <level>INFO</level>
  <class>Replica1.Server3</class>
  <method>main</method>
  <thread>1</thread>
  <message>Reply sent to FE</message>
</record>
<record>
  <date>2018-12-03T02:10:49</date>
  <millis>1543821049614</millis>
  <sequence>51</sequence>
  <logger>ServerINSE</logger>
  <level>INFO</level>
  <class>Replica1.Server3</class>
  <method>main</method>
  <thread>1</thread>
  <message>Reply sent to FE</message>
</record>
<record>
  <date>2018-12-03T02:10:49</date>
  <millis>1543821049616</millis>
  <sequence>52</sequence>
  <logger>ServerINSE</logger>
  <level>INFO</level>
  <class>Replica1.Server3</class>
  <method>main</method>
  <thread>1</thread>
  <message>Reply sent to FE</message>
</record>
<record>
  <date>2018-12-03T02:10:49</date>
  <millis>1543821049618</millis>
  <sequence>53</sequence>
  <logger>ServerINSE</logger>
  <level>INFO</level>
  <class>Replica1.Server3</class>
  <method>main</method>
  <thread>1</thread>
  <message>Reply sent to FE</message>
</record>
<record>
  <date>2018-12-03T02:10:49</date>
  <millis>1543821049621</millis>
  <sequence>54</sequence>
  <logger>ServerINSE</logger>
  <level>INFO</level>
  <class>Replica1.Server3</class>
  <method>main</method>
  <thread>1</thread>
  <message>Reply sent to FE</message>
</record>
<record>
  <date>2018-12-03T02:10:49</date>
  <millis>1543821049623</millis>
  <sequence>55</sequence>
  <logger>ServerINSE</logger>
  <level>INFO</level>
  <class>Replica1.Server3</class>
  <method>main</method>
  <thread>1</thread>
  <message>Reply sent to FE</message>
</record>
<record>
  <date>2018-12-03T02:10:49</date>
  <millis>1543821049624</millis>
  <sequence>56</sequence>
  <logger>ServerINSE</logger>
  <level>INFO</level>
  <class>Replica1.Server3</class>
  <method>main</method>
  <thread>1</thread>
  <message>Reply sent to FE</message>
</record>
<record>
  <date>2018-12-03T02:10:49</date>
  <millis>1543821049626</millis>
  <sequence>57</sequence>
  <logger>ServerINSE</logger>
  <level>INFO</level>
  <class>Replica1.Server3</class>
  <method>main</method>
  <thread>1</thread>
  <message>Reply sent to FE</message>
</record>
<record>
  <date>2018-12-03T02:12:14</date>
  <millis>1543821134623</millis>
  <sequence>58</sequence>
  <logger>ServerINSE</logger>
  <level>INFO</level>
  <class>Replica1.Server3</class>
  <method>main</method>
  <thread>1</thread>
  <message>Reply sent to FE</message>
</record>
<record>
  <date>2018-12-03T02:12:14</date>
  <millis>1543821134627</millis>
  <sequence>59</sequence>
  <logger>ServerINSE</logger>
  <level>INFO</level>
  <class>Replica1.Server3</class>
  <method>main</method>
  <thread>1</thread>
  <message>Reply sent to FE</message>
</record>
<record>
  <date>2018-12-03T02:12:14</date>
  <millis>1543821134628</millis>
  <sequence>60</sequence>
  <logger>ServerINSE</logger>
  <level>INFO</level>
  <class>Replica1.Server3</class>
  <method>main</method>
  <thread>1</thread>
  <message>Reply sent to FE</message>
</record>
<record>
  <date>2018-12-03T02:12:14</date>
  <millis>1543821134630</millis>
  <sequence>61</sequence>
  <logger>ServerINSE</logger>
  <level>INFO</level>
  <class>Replica1.Server3</class>
  <method>main</method>
  <thread>1</thread>
  <message>Reply sent to FE</message>
</record>
<record>
  <date>2018-12-03T02:12:14</date>
  <millis>1543821134631</millis>
  <sequence>62</sequence>
  <logger>ServerINSE</logger>
  <level>INFO</level>
  <class>Replica1.Server3</class>
  <method>main</method>
  <thread>1</thread>
  <message>Reply sent to FE</message>
</record>
<record>
  <date>2018-12-03T02:12:14</date>
  <millis>1543821134633</millis>
  <sequence>63</sequence>
  <logger>ServerINSE</logger>
  <level>INFO</level>
  <class>Replica1.Server3</class>
  <method>main</method>
  <thread>1</thread>
  <message>Reply sent to FE</message>
</record>
<record>
  <date>2018-12-03T02:12:14</date>
  <millis>1543821134637</millis>
  <sequence>64</sequence>
  <logger>ServerINSE</logger>
  <level>INFO</level>
  <class>Replica1.Server3</class>
  <method>main</method>
  <thread>1</thread>
  <message>Reply sent to FE</message>
</record>
<record>
  <date>2018-12-03T02:12:14</date>
  <millis>1543821134638</millis>
  <sequence>65</sequence>
  <logger>ServerINSE</logger>
  <level>INFO</level>
  <class>Replica1.Server3</class>
  <method>main</method>
  <thread>1</thread>
  <message>Reply sent to FE</message>
</record>
<record>
  <date>2018-12-03T02:12:14</date>
  <millis>1543821134640</millis>
  <sequence>66</sequence>
  <logger>ServerINSE</logger>
  <level>INFO</level>
  <class>Replica1.Server3</class>
  <method>main</method>
  <thread>1</thread>
  <message>Reply sent to FE</message>
</record>
<record>
  <date>2018-12-03T02:12:14</date>
  <millis>1543821134641</millis>
  <sequence>67</sequence>
  <logger>ServerINSE</logger>
  <level>INFO</level>
  <class>Replica1.Server3</class>
  <method>main</method>
  <thread>1</thread>
  <message>Reply sent to FE</message>
</record>
<record>
  <date>2018-12-03T02:12:14</date>
  <millis>1543821134643</millis>
  <sequence>68</sequence>
  <logger>ServerINSE</logger>
  <level>INFO</level>
  <class>Replica1.Server3</class>
  <method>main</method>
  <thread>1</thread>
  <message>Reply sent to FE</message>
</record>
<record>
  <date>2018-12-03T02:12:14</date>
  <millis>1543821134645</millis>
  <sequence>69</sequence>
  <logger>ServerINSE</logger>
  <level>INFO</level>
  <class>Replica1.Server3</class>
  <method>main</method>
  <thread>1</thread>
  <message>Reply sent to FE</message>
</record>
<record>
  <date>2018-12-03T02:12:14</date>
  <millis>1543821134646</millis>
  <sequence>70</sequence>
  <logger>ServerINSE</logger>
  <level>INFO</level>
  <class>Replica1.Server3</class>
  <method>main</method>
  <thread>1</thread>
  <message>Reply sent to FE</message>
</record>
<?xml version="1.0" encoding="windows-1252" standalone="no"?>
<!DOCTYPE log SYSTEM "logger.dtd">
<log>
<record>
  <date>2018-12-03T02:13:25</date>
  <millis>1543821205410</millis>
  <sequence>0</sequence>
  <logger>ServerINSE</logger>
  <level>INFO</level>
  <class>Replica1.Server3</class>
  <method>main</method>
  <thread>1</thread>
  <message>Replica3 running...</message>
</record>
<record>
  <date>2018-12-03T02:13:59</date>
  <millis>1543821239143</millis>
  <sequence>2</sequence>
  <logger>ServerINSE</logger>
  <level>INFO</level>
  <class>Replica1.Server3</class>
  <method>main</method>
  <thread>1</thread>
  <message>Reply sent to FE</message>
</record>
<?xml version="1.0" encoding="windows-1252" standalone="no"?>
<!DOCTYPE log SYSTEM "logger.dtd">
<log>
<record>
  <date>2018-12-03T10:36:19</date>
  <millis>1543851379024</millis>
  <sequence>0</sequence>
  <logger>ServerINSE</logger>
  <level>INFO</level>
  <class>Replica1.Server3</class>
  <method>main</method>
  <thread>1</thread>
  <message>Replica3 running...</message>
</record>
<?xml version="1.0" encoding="windows-1252" standalone="no"?>
<!DOCTYPE log SYSTEM "logger.dtd">
<log>
<record>
  <date>2018-12-03T12:02:18</date>
  <millis>1543856538146</millis>
  <sequence>0</sequence>
  <logger>ServerINSE</logger>
  <level>INFO</level>
  <class>Replica1.Server3</class>
  <method>main</method>
  <thread>1</thread>
  <message>Replica3 running...</message>
</record>
